<?xml version="1.0" encoding="UTF-8"?>
<testsuite name="com.netcompany.hmrc.validations.company.NameEmptyValidationRuleTest" tests="2" skipped="0" failures="0" errors="0" timestamp="2021-11-19T13:44:37" hostname="PF2N96RF" time="0.484">
  <properties/>
  <testcase name="TS_T5_testNameEmpty()" classname="com.netcompany.hmrc.validations.company.NameEmptyValidationRuleTest" time="0.48"/>
  <testcase name="TS_T5_testNameNotEmpty()" classname="com.netcompany.hmrc.validations.company.NameEmptyValidationRuleTest" time="0.003"/>
  <system-out><![CDATA[]]></system-out>
  <system-err><![CDATA[]]></system-err>
</testsuite>
